<?xml version="1.0" encoding="UTF-8"?>
<!-- Generated by org.testng.reporters.JUnitReportReporter -->
<testsuite hostname="Anisha" failures="0" tests="1" name="variousConcepts.crmtest" time="98.061" errors="0" timestamp="2024-03-31T11:50:16 EDT" skipped="0">
  <testcase classname="variousConcepts.crmtest" name="AddCustomer" time="98.061"/>
  <system-out/>
</testsuite> <!-- variousConcepts.crmtest -->
